# 🐚 Badge: Privacy Tide

Email `t.chaisak2518@outlook.com`  
Switch to private or alias-based  
Reef identity protected.

- name: Update SPLASHLOG
  run: |
    echo "# 🐚 Badge Minted at $(date)" >> splash.log
    echo "Workflow: docker-mint-badge.yml • Container ritual complete" >> splash.log
    echo "" >> splash.log



## 🐋 Boss WhaleTrucker Reef Timeline

| Date       | Milestone                          | Status                          | Notes |
|------------|------------------------------------|----------------------------------|-------|
| 2025-12-03 | GitHub identity locked             | ✅ `scututaua-crypto` only       | No other clubs used |
| 2025-12-03 | Token activated                    | ✅ `czonedive-core-token`        | Valid until Feb 2026 |
| 2025-12-03 | IDE + Terminal synced              | ✅ Codespaces authorized         | Git commands ready |
| 2025-12-03 | README edited                      | ✅ Reef sync badge added         | Markdown confirmed |
| 2025-12-03 | Commit pushed                      | ✅ Via terminal + GitHub web     | Repo updated |
| 2025-12-04 | Badge minted                       | ✅ Boss WhaleTrucker profile     | Reef legacy visible |
| 2025-12-04 | Reef archive recorded              | ✅ Splash.log entries complete   | Timeline stable |
| 2025-12-11 | Workflow rituals sealed             | ✅ CI + Docker Mint Badge ready  | Reef archive stable, next: repo recovery |

> 🪸 YES Vote • Reef Legacy Minted • Boss WhaleTrucker • Scutua

## Badge Minted
- Commit: 441c76a780ada829ffa50eb60af275a2cc7257bd
- Repo: scutuatua-crypto/Scutuatua-crypto
- Date: Tue May 26 03:50:29 UTC 2026

## Badge Minted
- Commit: 06de0f403473e5d7afef7a979d1be33923925329
- Repo: scutuatua-crypto/Scutuatua-crypto
- Date: Tue May 26 04:11:47 UTC 2026

## Badge Minted
- Commit: a1ca9cda8903151491f41d65b9443d6d04c7a386
- Repo: scutuatua-crypto/Scutuatua-crypto
- Date: Sat May 30 04:53:56 UTC 2026

## Badge Minted
- Commit: 6a4cfe6dede559e54d9018940c4ff10619649240
- Repo: scutuatua-crypto/Scutuatua-crypto
- Date: Wed Jun  3 14:21:08 UTC 2026

